writeCommonTags: couldn't write 'year' tag to 'JOJO/JoJo's Bizarre Adventure- Stardust Crusaders OST - Clash.m4a' as it's not a positive integer
writeCommonTags: couldn't write 'track' tag to 'JOJO/JoJo's Bizarre Adventure- Stardust Crusaders OST - Clash.m4a' as it's not a positive integer
writeCommonTags: couldn't write 'year' tag to 'JOJO/JoJo's Bizarre Adventure- Stardust Crusaders OST - Danger Draws Near.m4a' as it's not a positive integer
writeCommonTags: couldn't write 'track' tag to 'JOJO/JoJo's Bizarre Adventure- Stardust Crusaders OST - Danger Draws Near.m4a' as it's not a positive integer
writeCommonTags: couldn't write 'year' tag to 'JOJO/JoJo's Bizarre Adventure- Stardust Crusaders OST - Imminence.m4a' as it's not a positive integer
writeCommonTags: couldn't write 'track' tag to 'JOJO/JoJo's Bizarre Adventure- Stardust Crusaders OST - Imminence.m4a' as it's not a positive integer
writeCommonTags: couldn't write 'year' tag to 'JOJO/JoJo's Bizarre Adventure- Stardust Crusaders OST - Noble Pope.m4a' as it's not a positive integer
writeCommonTags: couldn't write 'track' tag to 'JOJO/JoJo's Bizarre Adventure- Stardust Crusaders OST - Noble Pope.m4a' as it's not a positive integer
writeCommonTags: couldn't write 'year' tag to 'JOJO/JoJo's Bizarre Adventure- Stardust Crusaders OST - Purple Thorns.m4a' as it's not a positive integer
writeCommonTags: couldn't write 'track' tag to 'JOJO/JoJo's Bizarre Adventure- Stardust Crusaders OST - Purple Thorns.m4a' as it's not a positive integer
writeCommonTags: couldn't write 'year' tag to 'JOJO/JoJo's Bizarre Adventure- Stardust Crusaders OST - Stardust Crusaders.m4a' as it's not a positive integer
writeCommonTags: couldn't write 'track' tag to 'JOJO/JoJo's Bizarre Adventure- Stardust Crusaders OST - Stardust Crusaders.m4a' as it's not a positive integer
writeCommonTags: couldn't write 'year' tag to 'JOJO/JoJo's Bizarre Adventure- Stardust Crusaders OST - Clash.m4a' as it's not a positive integer
writeCommonTags: couldn't write 'track' tag to 'JOJO/JoJo's Bizarre Adventure- Stardust Crusaders OST - Clash.m4a' as it's not a positive integer
writeCommonTags: couldn't write 'year' tag to 'JOJO/JoJo's Bizarre Adventure- Stardust Crusaders OST - Danger Draws Near.m4a' as it's not a positive integer
writeCommonTags: couldn't write 'track' tag to 'JOJO/JoJo's Bizarre Adventure- Stardust Crusaders OST - Danger Draws Near.m4a' as it's not a positive integer
writeCommonTags: couldn't write 'year' tag to 'JOJO/JoJo's Bizarre Adventure- Stardust Crusaders OST - Imminence.m4a' as it's not a positive integer
writeCommonTags: couldn't write 'track' tag to 'JOJO/JoJo's Bizarre Adventure- Stardust Crusaders OST - Imminence.m4a' as it's not a positive integer
writeCommonTags: couldn't write 'year' tag to 'JOJO/JoJo's Bizarre Adventure- Stardust Crusaders OST - Noble Pope.m4a' as it's not a positive integer
writeCommonTags: couldn't write 'track' tag to 'JOJO/JoJo's Bizarre Adventure- Stardust Crusaders OST - Noble Pope.m4a' as it's not a positive integer
writeCommonTags: couldn't write 'year' tag to 'JOJO/JoJo's Bizarre Adventure- Stardust Crusaders OST - Purple Thorns.m4a' as it's not a positive integer
writeCommonTags: couldn't write 'track' tag to 'JOJO/JoJo's Bizarre Adventure- Stardust Crusaders OST - Purple Thorns.m4a' as it's not a positive integer
writeCommonTags: couldn't write 'year' tag to 'JOJO/JoJo's Bizarre Adventure- Stardust Crusaders OST - Stardust Crusaders.m4a' as it's not a positive integer
writeCommonTags: couldn't write 'track' tag to 'JOJO/JoJo's Bizarre Adventure- Stardust Crusaders OST - Stardust Crusaders.m4a' as it's not a positive integer
writeCommonTags: couldn't write 'year' tag to 'JOJO/JoJo's Bizarre Adventure- Stardust Crusaders OST - Clash.m4a' as it's not a positive integer
writeCommonTags: couldn't write 'track' tag to 'JOJO/JoJo's Bizarre Adventure- Stardust Crusaders OST - Clash.m4a' as it's not a positive integer
writeCommonTags: couldn't write 'year' tag to 'JOJO/JoJo's Bizarre Adventure- Stardust Crusaders OST - Danger Draws Near.m4a' as it's not a positive integer
writeCommonTags: couldn't write 'track' tag to 'JOJO/JoJo's Bizarre Adventure- Stardust Crusaders OST - Danger Draws Near.m4a' as it's not a positive integer
writeCommonTags: couldn't write 'year' tag to 'JOJO/JoJo's Bizarre Adventure- Stardust Crusaders OST - Imminence.m4a' as it's not a positive integer
writeCommonTags: couldn't write 'track' tag to 'JOJO/JoJo's Bizarre Adventure- Stardust Crusaders OST - Imminence.m4a' as it's not a positive integer
writeCommonTags: couldn't write 'year' tag to 'JOJO/JoJo's Bizarre Adventure- Stardust Crusaders OST - Noble Pope.m4a' as it's not a positive integer
writeCommonTags: couldn't write 'track' tag to 'JOJO/JoJo's Bizarre Adventure- Stardust Crusaders OST - Noble Pope.m4a' as it's not a positive integer
writeCommonTags: couldn't write 'year' tag to 'JOJO/JoJo's Bizarre Adventure- Stardust Crusaders OST - Purple Thorns.m4a' as it's not a positive integer
writeCommonTags: couldn't write 'track' tag to 'JOJO/JoJo's Bizarre Adventure- Stardust Crusaders OST - Purple Thorns.m4a' as it's not a positive integer
writeCommonTags: couldn't write 'year' tag to 'JOJO/JoJo's Bizarre Adventure- Stardust Crusaders OST - Stardust Crusaders.m4a' as it's not a positive integer
writeCommonTags: couldn't write 'track' tag to 'JOJO/JoJo's Bizarre Adventure- Stardust Crusaders OST - Stardust Crusaders.m4a' as it's not a positive integer
